TN:test
SF:/home/tixon/github/CPPContainers/src/s21_containers/general_structures/const_iter.h
FN:18,_ZN3s219ConstIterIiiED2Ev
FN:27,_ZNK3s219ConstIterIiiE6GetKeyEv
FN:29,_ZNK3s219ConstIterIiiE6GetValEv
FN:31,_ZNK3s219ConstIterIiiE10getCurrentEv
FNDA:13,_ZNK3s219ConstIterIiiE6GetValEv
FNDA:13,_ZNK3s219ConstIterIiiE6GetKeyEv
FNDA:21,_ZN3s219ConstIterIiiED2Ev
FNDA:11,_ZNK3s219ConstIterIiiE10getCurrentEv
FNF:4
FNH:4
DA:18,21
DA:27,13
DA:29,13
DA:31,11
LF:4
LH:4
end_of_record
TN:test
SF:/home/tixon/github/CPPContainers/src/s21_containers/general_structures/const_iter.tpp
FN:7,_ZN3s219ConstIterIiiEC2Ev
FN:10,_ZN3s219ConstIterIiiEC2EPKNS_4NodeIiiEE
FN:14,_ZN3s219ConstIterIiiEC2ERKS1_
FN:18,_ZN3s219ConstIterIiiEC2EOS1_
FN:24,_ZN3s219ConstIterIiiEaSERKS1_
FN:33,_ZN3s219ConstIterIiiEaSEOS1_
FN:42,_ZN3s219ConstIterIiiEppEv
FN:48,_ZN3s219ConstIterIiiEmmEv
FN:54,_ZN3s219ConstIterIiiEaSEPKNS_4NodeIiiEE
FN:61,_ZNK3s219ConstIterIiiEneERKS1_
FNDA:1,_ZN3s219ConstIterIiiEaSERKS1_
FNDA:1,_ZNK3s219ConstIterIiiEneERKS1_
FNDA:1,_ZN3s219ConstIterIiiEaSEOS1_
FNDA:2,_ZN3s219ConstIterIiiEppEv
FNDA:1,_ZN3s219ConstIterIiiEC2EOS1_
FNDA:5,_ZN3s219ConstIterIiiEC2ERKS1_
FNDA:1,_ZN3s219ConstIterIiiEaSEPKNS_4NodeIiiEE
FNDA:4,_ZN3s219ConstIterIiiEC2Ev
FNDA:11,_ZN3s219ConstIterIiiEC2EPKNS_4NodeIiiEE
FNDA:5,_ZN3s219ConstIterIiiEmmEv
FNF:10
FNH:10
DA:7,4
DA:10,11
DA:11,11
DA:14,5
DA:15,5
DA:18,1
DA:19,1
DA:20,1
DA:21,1
DA:24,1
DA:26,1
DA:27,1
DA:29,1
DA:33,1
DA:34,1
DA:35,1
DA:36,1
DA:38,1
DA:42,2
DA:43,2
DA:44,2
DA:48,5
DA:49,5
DA:50,5
DA:54,1
DA:56,1
DA:57,1
DA:61,1
DA:62,1
LF:29
LH:29
end_of_record
TN:test
SF:/home/tixon/github/CPPContainers/src/s21_containers/general_structures/container.tpp
FN:5,_ZN3s219ContainerIiiEC2Ev
FN:5,_ZN3s219ContainerIiNSt7__cxx1112basic_stringIcSt11char_traitsIcESaIcEEEEC2Ev
FN:5,_ZN3s219ContainerIciEC2Ev
FN:5,_ZN3s219ContainerIicEC2Ev
FN:5,_ZN3s219ContainerIifEC2Ev
FN:15,_ZN3s219ContainerIifEC2ERKSt16initializer_listISt4pairIKifEE
FN:15,_ZN3s219ContainerIciEC2ERKSt16initializer_listISt4pairIKciEE
FN:15,_ZN3s219ContainerIicEC2ERKSt16initializer_listISt4pairIKicEE
FN:15,_ZN3s219ContainerIiiEC2ERKSt16initializer_listISt4pairIKiiEE
FN:24,_ZN3s219ContainerIicEC2ERKS1_
FN:24,_ZN3s219ContainerIiiEC2ERKS1_
FN:38,_ZN3s219ContainerIiiEC2EOS1_
FN:38,_ZN3s219ContainerIicEC2EOS1_
FN:51,_ZN3s219ContainerIifED2Ev
FN:51,_ZN3s219ContainerIciED2Ev
FN:51,_ZN3s219ContainerIicED2Ev
FN:51,_ZN3s219ContainerIiNSt7__cxx1112basic_stringIcSt11char_traitsIcESaIcEEEED2Ev
FN:51,_ZN3s219ContainerIiiED2Ev
FN:57,_ZN3s219ContainerIciE10DeleteTreeEPNS_4NodeIciEE
FN:57,_ZN3s219ContainerIicE10DeleteTreeEPNS_4NodeIicEE
FN:57,_ZN3s219ContainerIiNSt7__cxx1112basic_stringIcSt11char_traitsIcESaIcEEEE10DeleteTreeEPNS_4NodeIiS6_EE
FN:57,_ZN3s219ContainerIiiE10DeleteTreeEPNS_4NodeIiiEE
FN:57,_ZN3s219ContainerIifE10DeleteTreeEPNS_4NodeIifEE
FN:69,_ZN3s219ContainerIiiEaSEOS1_
FN:69,_ZN3s219ContainerIifEaSEOS1_
FN:84,_ZN3s219ContainerIiiEaSERKS1_
FN:97,_ZNK3s219ContainerIicE5EmptyEv
FN:97,_ZNK3s219ContainerIifE5EmptyEv
FN:97,_ZNK3s219ContainerIiiE5EmptyEv
FN:102,_ZNK3s219ContainerIiiE4SizeEv
FN:102,_ZNK3s219ContainerIiNSt7__cxx1112basic_stringIcSt11char_traitsIcESaIcEEEE4SizeEv
FN:102,_ZNK3s219ContainerIifE4SizeEv
FN:102,_ZNK3s219ContainerIicE4SizeEv
FN:107,_ZNK3s219ContainerIiiE7MaxSizeEv
FN:114,_ZN3s219ContainerIiiE6InsertIiEESt4pairINS_4IterIiiEEbERKT_
FN:114,_ZN3s219ContainerIiiE6InsertISt4pairIiiEEES3_INS_4IterIiiEEbERKT_
FN:114,_ZN3s219ContainerIicE6InsertISt4pairIKicEEES3_INS_4IterIicEEbERKT_
FN:114,_ZN3s219ContainerIiNSt7__cxx1112basic_stringIcSt11char_traitsIcESaIcEEEE6InsertISt4pairIKiS6_EEES9_INS_4IterIiS6_EEbERKT_
FN:114,_ZN3s219ContainerIifE6InsertISt4pairIKifEEES3_INS_4IterIifEEbERKT_
FN:114,_ZN3s219ContainerIciE6InsertISt4pairIKciEEES3_INS_4IterIciEEbERKT_
FN:114,_ZN3s219ContainerIiiE6InsertISt4pairIKiiEEES3_INS_4IterIiiEEbERKT_
FN:165,_ZN3s219ContainerIifE11RebalancingEPNS_4NodeIifEE
FN:165,_ZN3s219ContainerIciE11RebalancingEPNS_4NodeIciEE
FN:165,_ZN3s219ContainerIiiE11RebalancingEPNS_4NodeIiiEE
FN:165,_ZN3s219ContainerIicE11RebalancingEPNS_4NodeIicEE
FN:165,_ZN3s219ContainerIiNSt7__cxx1112basic_stringIcSt11char_traitsIcESaIcEEEE11RebalancingEPNS_4NodeIiS6_EE
FN:205,_ZN3s219ContainerIciE10RotateLeftEPNS_4NodeIciEE
FN:205,_ZN3s219ContainerIicE10RotateLeftEPNS_4NodeIicEE
FN:205,_ZN3s219ContainerIifE10RotateLeftEPNS_4NodeIifEE
FN:205,_ZN3s219ContainerIiiE10RotateLeftEPNS_4NodeIiiEE
FN:205,_ZN3s219ContainerIiNSt7__cxx1112basic_stringIcSt11char_traitsIcESaIcEEEE10RotateLeftEPNS_4NodeIiS6_EE
FN:225,_ZN3s219ContainerIifE11RotateRightEPNS_4NodeIifEE
FN:225,_ZN3s219ContainerIciE11RotateRightEPNS_4NodeIciEE
FN:225,_ZN3s219ContainerIicE11RotateRightEPNS_4NodeIicEE
FN:225,_ZN3s219ContainerIiiE11RotateRightEPNS_4NodeIiiEE
FN:225,_ZN3s219ContainerIiNSt7__cxx1112basic_stringIcSt11char_traitsIcESaIcEEEE11RotateRightEPNS_4NodeIiS6_EE
FN:245,_ZNK3s219ContainerIiiE5BeginEv
FN:245,_ZNK3s219ContainerIiNSt7__cxx1112basic_stringIcSt11char_traitsIcESaIcEEEE5BeginEv
FN:245,_ZNK3s219ContainerIifE5BeginEv
FN:245,_ZNK3s219ContainerIicE5BeginEv
FN:245,_ZNK3s219ContainerIciE5BeginEv
FN:257,_ZNK3s219ContainerIiiE3EndEv
FN:257,_ZNK3s219ContainerIicE3EndEv
FN:257,_ZNK3s219ContainerIifE3EndEv
FN:257,_ZNK3s219ContainerIciE3EndEv
FN:257,_ZNK3s219ContainerIiNSt7__cxx1112basic_stringIcSt11char_traitsIcESaIcEEEE3EndEv
FN:272,_ZN3s219ContainerIiiE4SwapERS1_
FN:291,_ZN3s219ContainerIicE5MergeERS1_
FN:291,_ZN3s219ContainerIiiE5MergeERS1_
FN:315,_ZN3s219ContainerIiiE5ClearEv
FN:315,_ZN3s219ContainerIicE5ClearEv
FN:326,_ZN3s219ContainerIifE5EraseENS_4IterIifEE
FN:326,_ZN3s219ContainerIicE5EraseENS_4IterIicEE
FN:326,_ZN3s219ContainerIiiE5EraseENS_4IterIiiEE
FN:377,_ZN3s219ContainerIifE10EraseFixupEPNS_4NodeIifEE
FN:377,_ZN3s219ContainerIiiE10EraseFixupEPNS_4NodeIiiEE
FN:377,_ZN3s219ContainerIicE10EraseFixupEPNS_4NodeIicEE
FN:426,_ZNK3s219ContainerIiiE7GetRootEv
FN:431,_ZN3s219ContainerIicE4FindERKi
FN:431,_ZN3s219ContainerIiiE4FindERKi
FN:431,_ZN3s219ContainerIifE4FindERKi
FN:431,_ZN3s219ContainerIiNSt7__cxx1112basic_stringIcSt11char_traitsIcESaIcEEEE4FindERKi
FN:444,_ZN3s219ContainerIiiE8ContainsERKi
FN:444,_ZN3s219ContainerIifE8ContainsERKi
FN:444,_ZN3s219ContainerIicE8ContainsERKi
FN:475,_ZNK3s219ContainerIiiE6CBeginEv
FN:481,_ZNK3s219ContainerIiiE4CEndEv
FNDA:1,_ZN3s219ContainerIifE10RotateLeftEPNS_4NodeIifEE
FNDA:183,_ZN3s219ContainerIicE10DeleteTreeEPNS_4NodeIicEE
FNDA:1,_ZNK3s219ContainerIiiE6CBeginEv
FNDA:142,_ZNK3s219ContainerIiiE5BeginEv
FNDA:4,_ZNK3s219ContainerIifE5EmptyEv
FNDA:3,_ZN3s219ContainerIicE5MergeERS1_
FNDA:11,_ZN3s219ContainerIicE10EraseFixupEPNS_4NodeIicEE
FNDA:0,_ZN3s219ContainerIciE11RotateRightEPNS_4NodeIciEE
FNDA:3,_ZN3s219ContainerIiNSt7__cxx1112basic_stringIcSt11char_traitsIcESaIcEEEED2Ev
FNDA:11,_ZN3s219ContainerIiiE10EraseFixupEPNS_4NodeIiiEE
FNDA:3,_ZN3s219ContainerIiNSt7__cxx1112basic_stringIcSt11char_traitsIcESaIcEEEEC2Ev
FNDA:25,_ZNK3s219ContainerIicE5EmptyEv
FNDA:1,_ZN3s219ContainerIiiEaSEOS1_
FNDA:6,_ZN3s219ContainerIciE11RebalancingEPNS_4NodeIciEE
FNDA:35,_ZNK3s219ContainerIiiE4SizeEv
FNDA:30,_ZN3s219ContainerIicED2Ev
FNDA:103,_ZN3s219ContainerIicE6InsertISt4pairIKicEEES3_INS_4IterIicEEbERKT_
FNDA:2,_ZN3s219ContainerIciE10RotateLeftEPNS_4NodeIciEE
FNDA:7,_ZN3s219ContainerIiNSt7__cxx1112basic_stringIcSt11char_traitsIcESaIcEEEE6InsertISt4pairIKiS6_EEES9_INS_4IterIiS6_EEbERKT_
FNDA:2,_ZN3s219ContainerIciEC2Ev
FNDA:2,_ZNK3s219ContainerIiNSt7__cxx1112basic_stringIcSt11char_traitsIcESaIcEEEE4SizeEv
FNDA:28,_ZN3s219ContainerIicE10RotateLeftEPNS_4NodeIicEE
FNDA:5,_ZN3s219ContainerIiiE6InsertISt4pairIiiEEES3_INS_4IterIiiEEbERKT_
FNDA:163,_ZNK3s219ContainerIiiE7GetRootEv
FNDA:1,_ZN3s219ContainerIiiE5ClearEv
FNDA:120,_ZN3s219ContainerIiiE4FindERKi
FNDA:19,_ZN3s219ContainerIiiE5EraseENS_4IterIiiEE
FNDA:1,_ZNK3s219ContainerIiiE4CEndEv
FNDA:1,_ZN3s219ContainerIiiEC2EOS1_
FNDA:394,_ZNK3s219ContainerIicE3EndEv
FNDA:4,_ZN3s219ContainerIiiE4SwapERS1_
FNDA:103,_ZN3s219ContainerIiiE8ContainsERKi
FNDA:12,_ZNK3s219ContainerIifE3EndEv
FNDA:2,_ZN3s219ContainerIciEC2ERKSt16initializer_listISt4pairIKciEE
FNDA:25,_ZN3s219ContainerIicEC2ERKSt16initializer_listISt4pairIKicEE
FNDA:3,_ZN3s219ContainerIifED2Ev
FNDA:64,_ZN3s219ContainerIiiEC2Ev
FNDA:95,_ZN3s219ContainerIicE4FindERKi
FNDA:540,_ZNK3s219ContainerIiiE3EndEv
FNDA:1,_ZN3s219ContainerIifEC2ERKSt16initializer_listISt4pairIKifEE
FNDA:1,_ZN3s219ContainerIifE5EraseENS_4IterIifEE
FNDA:4,_ZN3s219ContainerIifE11RebalancingEPNS_4NodeIifEE
FNDA:2,_ZN3s219ContainerIciED2Ev
FNDA:147,_ZN3s219ContainerIiiE6InsertIiEESt4pairINS_4IterIiiEEbERKT_
FNDA:25,_ZN3s219ContainerIicE5EraseENS_4IterIicEE
FNDA:14,_ZN3s219ContainerIciE10DeleteTreeEPNS_4NodeIciEE
FNDA:0,_ZN3s219ContainerIifE10EraseFixupEPNS_4NodeIifEE
FNDA:0,_ZN3s219ContainerIifE11RotateRightEPNS_4NodeIifEE
FNDA:3,_ZN3s219ContainerIiiEC2ERKS1_
FNDA:4,_ZN3s219ContainerIiNSt7__cxx1112basic_stringIcSt11char_traitsIcESaIcEEEE4FindERKi
FNDA:0,_ZN3s219ContainerIiNSt7__cxx1112basic_stringIcSt11char_traitsIcESaIcEEEE10RotateLeftEPNS_4NodeIiS6_EE
FNDA:3,_ZN3s219ContainerIiiEC2ERKSt16initializer_listISt4pairIKiiEE
FNDA:9,_ZN3s219ContainerIiiE11RotateRightEPNS_4NodeIiiEE
FNDA:111,_ZNK3s219ContainerIicE5BeginEv
FNDA:1,_ZNK3s219ContainerIifE4SizeEv
FNDA:4,_ZN3s219ContainerIiNSt7__cxx1112basic_stringIcSt11char_traitsIcESaIcEEEE11RebalancingEPNS_4NodeIiS6_EE
FNDA:57,_ZN3s219ContainerIiiE6InsertISt4pairIKiiEEES3_INS_4IterIiiEEbERKT_
FNDA:1,_ZN3s219ContainerIicE5ClearEv
FNDA:27,_ZNK3s219ContainerIicE4SizeEv
FNDA:0,_ZN3s219ContainerIiNSt7__cxx1112basic_stringIcSt11char_traitsIcESaIcEEEE11RotateRightEPNS_4NodeIiS6_EE
FNDA:2,_ZNK3s219ContainerIiiE7MaxSizeEv
FNDA:10,_ZN3s219ContainerIifE10DeleteTreeEPNS_4NodeIifEE
FNDA:3,_ZN3s219ContainerIifEC2Ev
FNDA:1,_ZNK3s219ContainerIciE5BeginEv
FNDA:29,_ZN3s219ContainerIicEC2Ev
FNDA:437,_ZN3s219ContainerIiiE10DeleteTreeEPNS_4NodeIiiEE
FNDA:2,_ZN3s219ContainerIiiEaSERKS1_
FNDA:4,_ZNK3s219ContainerIifE5BeginEv
FNDA:100,_ZN3s219ContainerIicE11RebalancingEPNS_4NodeIicEE
FNDA:57,_ZN3s219ContainerIicE8ContainsERKi
FNDA:1,_ZN3s219ContainerIifEaSEOS1_
FNDA:0,_ZN3s219ContainerIicE11RotateRightEPNS_4NodeIicEE
FNDA:44,_ZN3s219ContainerIiiE10RotateLeftEPNS_4NodeIiiEE
FNDA:4,_ZN3s219ContainerIifE4FindERKi
FNDA:65,_ZN3s219ContainerIiiED2Ev
FNDA:1,_ZNK3s219ContainerIciE3EndEv
FNDA:1,_ZN3s219ContainerIicEC2ERKS1_
FNDA:10,_ZNK3s219ContainerIiNSt7__cxx1112basic_stringIcSt11char_traitsIcESaIcEEEE3EndEv
FNDA:6,_ZN3s219ContainerIciE6InsertISt4pairIKciEEES3_INS_4IterIciEEbERKT_
FNDA:21,_ZNK3s219ContainerIiiE5EmptyEv
FNDA:1,_ZN3s219ContainerIicEC2EOS1_
FNDA:204,_ZN3s219ContainerIiiE11RebalancingEPNS_4NodeIiiEE
FNDA:11,_ZN3s219ContainerIiNSt7__cxx1112basic_stringIcSt11char_traitsIcESaIcEEEE10DeleteTreeEPNS_4NodeIiS6_EE
FNDA:4,_ZNK3s219ContainerIiNSt7__cxx1112basic_stringIcSt11char_traitsIcESaIcEEEE5BeginEv
FNDA:4,_ZN3s219ContainerIifE6InsertISt4pairIKifEEES3_INS_4IterIifEEbERKT_
FNDA:3,_ZN3s219ContainerIifE8ContainsERKi
FNDA:3,_ZN3s219ContainerIiiE5MergeERS1_
FNF:87
FNH:81
DA:5,101
DA:6,101
DA:7,101
DA:8,101
DA:9,101
DA:10,101
DA:11,101
DA:12,101
DA:15,31
DA:17,31
DA:18,138
DA:19,107
DA:21,31
DA:24,4
DA:25,4
DA:26,16
DA:28,9
DA:30,3
DA:31,3
DA:35,4
DA:38,2
DA:39,2
DA:40,2
DA:41,2
DA:42,2
DA:44,2
DA:45,2
DA:46,2
DA:48,2
DA:51,103
DA:52,103
DA:53,103
DA:54,103
DA:57,655
DA:58,655
DA:59,274
DA:60,274
DA:61,274
DA:62,274
DA:63,274
DA:64,274
DA:66,655
DA:69,2
DA:70,2
DA:71,2
DA:72,2
DA:73,2
DA:74,2
DA:75,2
DA:77,2
DA:78,2
DA:79,2
DA:81,2
DA:84,2
DA:86,2
DA:87,4
DA:89,2
DA:90,2
DA:91,2
DA:93,2
DA:97,50
DA:98,50
DA:102,65
DA:103,65
DA:107,2
DA:109,2
DA:114,329
DA:116,329
DA:117,329
DA:118,329
DA:119,329
DA:122,147
DA:124,182
DA:126,723
DA:127,405
DA:128,405
DA:129,72
DA:130,333
DA:131,322
DA:133,11
DA:134,11
DA:137,318
DA:139,143
DA:140,143
DA:142,175
DA:143,175
DA:145,318
DA:146,318
DA:147,318
DA:148,318
DA:150,318
DA:151,90
DA:152,228
DA:153,44
DA:155,184
DA:157,318
DA:158,318
DA:159,318
DA:160,318
DA:161,318
DA:165,431
DA:166,431
DA:167,113
DA:168,16
DA:169,16
DA:170,12
DA:171,12
DA:172,12
DA:173,12
DA:175,4
DA:176,2
DA:177,2
DA:179,4
DA:180,4
DA:181,4
DA:184,97
DA:185,97
DA:186,31
DA:187,31
DA:188,31
DA:189,31
DA:191,66
DA:192,1
DA:193,1
DA:195,66
DA:196,66
DA:197,66
DA:201,318
DA:202,318
DA:205,75
DA:206,75
DA:207,75
DA:208,75
DA:210,75
DA:212,75
DA:213,55
DA:214,20
DA:215,4
DA:217,16
DA:220,75
DA:221,75
DA:222,75
DA:225,9
DA:226,9
DA:227,9
DA:228,9
DA:230,9
DA:232,9
DA:233,5
DA:234,4
DA:235,2
DA:237,2
DA:240,9
DA:241,9
DA:242,9
DA:245,262
DA:246,262
DA:247,262
DA:248,7
DA:250,255
DA:251,496
DA:253,262
DA:257,957
DA:258,957
DA:259,957
DA:260,17
DA:262,940
DA:263,2333
DA:264,940
DA:265,940
DA:266,940
DA:268,957
DA:272,4
DA:273,4
DA:274,2
DA:277,2
DA:278,2
DA:279,2
DA:281,2
DA:282,2
DA:283,2
DA:285,2
DA:286,2
DA:287,2
DA:291,6
DA:292,6
DA:293,2
DA:295,8
DA:296,20
DA:297,16
DA:298,22
DA:300,9
DA:302,9
DA:303,9
DA:306,18
DA:307,12
DA:308,12
DA:315,2
DA:316,2
DA:317,2
DA:318,2
DA:319,2
DA:320,2
DA:321,2
DA:323,2
DA:326,45
DA:327,45
DA:328,45
DA:329,6
DA:330,6
DA:331,6
DA:332,6
DA:334,39
DA:335,1
DA:337,38
DA:338,9
DA:339,10
DA:340,1
DA:342,9
DA:343,9
DA:344,9
DA:346,38
DA:347,16
DA:348,5
DA:350,11
DA:352,16
DA:353,16
DA:354,16
DA:355,16
DA:357,22
DA:358,22
DA:359,22
DA:360,22
DA:361,22
DA:362,6
DA:363,16
DA:364,10
DA:366,6
DA:368,22
DA:369,22
DA:371,22
DA:372,22
DA:377,35
DA:378,35
DA:379,13
DA:380,13
DA:381,13
DA:382,13
DA:383,3
DA:384,3
DA:385,3
DA:386,2
DA:388,1
DA:389,3
DA:392,13
DA:393,7
DA:394,7
DA:396,6
DA:397,4
DA:398,1
DA:399,1
DA:400,1
DA:401,1
DA:403,4
DA:404,4
DA:405,4
DA:406,4
DA:408,2
DA:409,1
DA:410,1
DA:411,1
DA:412,1
DA:414,2
DA:415,2
DA:416,2
DA:417,2
DA:419,6
DA:422,22
DA:423,22
DA:426,163
DA:427,163
DA:431,223
DA:433,446
DA:434,636
DA:435,586
DA:436,173
DA:438,413
DA:440,50
DA:444,163
DA:445,163
DA:446,163
DA:475,1
DA:477,1
DA:481,1
DA:483,1
LF:295
LH:295
end_of_record
TN:test
SF:/home/tixon/github/CPPContainers/src/s21_containers/general_structures/iter.h
FN:17,_ZN3s214IterIifED2Ev
FN:17,_ZN3s214IterIiNSt7__cxx1112basic_stringIcSt11char_traitsIcESaIcEEEED2Ev
FN:17,_ZN3s214IterIciED2Ev
FN:17,_ZN3s214IterIicED2Ev
FN:17,_ZN3s214IterIiiED2Ev
FN:25,_ZNK3s214IterIiNSt7__cxx1112basic_stringIcSt11char_traitsIcESaIcEEEE6GetKeyEv
FN:25,_ZNK3s214IterIifE6GetKeyEv
FN:25,_ZNK3s214IterIicE6GetKeyEv
FN:25,_ZNK3s214IterIciE6GetKeyEv
FN:25,_ZNK3s214IterIiiE6GetKeyEv
FN:27,_ZNK3s214IterIicE6GetValEv
FN:27,_ZNK3s214IterIiNSt7__cxx1112basic_stringIcSt11char_traitsIcESaIcEEEE6GetValEv
FN:27,_ZNK3s214IterIiiE6GetValEv
FN:27,_ZNK3s214IterIciE6GetValEv
FN:29,_ZNK3s214IterIiiE10getCurrentEv
FN:29,_ZNK3s214IterIifE10getCurrentEv
FN:29,_ZNK3s214IterIiNSt7__cxx1112basic_stringIcSt11char_traitsIcESaIcEEEE10getCurrentEv
FN:29,_ZNK3s214IterIicE10getCurrentEv
FNDA:4,_ZNK3s214IterIiiE6GetValEv
FNDA:39,_ZN3s214IterIiNSt7__cxx1112basic_stringIcSt11char_traitsIcESaIcEEEED2Ev
FNDA:1,_ZNK3s214IterIifE10getCurrentEv
FNDA:32,_ZN3s214IterIifED2Ev
FNDA:5,_ZNK3s214IterIiNSt7__cxx1112basic_stringIcSt11char_traitsIcESaIcEEEE6GetValEv
FNDA:13,_ZNK3s214IterIicE6GetValEv
FNDA:21,_ZNK3s214IterIiiE10getCurrentEv
FNDA:11,_ZNK3s214IterIiNSt7__cxx1112basic_stringIcSt11char_traitsIcESaIcEEEE6GetKeyEv
FNDA:49,_ZNK3s214IterIicE10getCurrentEv
FNDA:1472,_ZN3s214IterIiiED2Ev
FNDA:7,_ZNK3s214IterIiNSt7__cxx1112basic_stringIcSt11char_traitsIcESaIcEEEE10getCurrentEv
FNDA:389,_ZNK3s214IterIiiE6GetKeyEv
FNDA:20,_ZN3s214IterIciED2Ev
FNDA:7,_ZNK3s214IterIifE6GetKeyEv
FNDA:10,_ZNK3s214IterIciE6GetValEv
FNDA:252,_ZNK3s214IterIicE6GetKeyEv
FNDA:937,_ZN3s214IterIicED2Ev
FNDA:10,_ZNK3s214IterIciE6GetKeyEv
FNF:18
FNH:18
DA:17,2500
DA:25,669
DA:27,32
DA:29,78
LF:4
LH:4
end_of_record
TN:test
SF:/home/tixon/github/CPPContainers/src/s21_containers/general_structures/iter.tpp
FN:7,_ZN3s214IterIifEC2Ev
FN:7,_ZN3s214IterIiNSt7__cxx1112basic_stringIcSt11char_traitsIcESaIcEEEEC2Ev
FN:7,_ZN3s214IterIicEC2Ev
FN:7,_ZN3s214IterIciEC2Ev
FN:7,_ZN3s214IterIiiEC2Ev
FN:10,_ZN3s214IterIifEC2EPNS_4NodeIifEE
FN:10,_ZN3s214IterIicEC2EPNS_4NodeIicEE
FN:10,_ZN3s214IterIiNSt7__cxx1112basic_stringIcSt11char_traitsIcESaIcEEEEC2EPNS_4NodeIiS6_EE
FN:10,_ZN3s214IterIciEC2EPNS_4NodeIciEE
FN:10,_ZN3s214IterIiiEC2EPNS_4NodeIiiEE
FN:13,_ZN3s214IterIifEC2ERKS1_
FN:13,_ZN3s214IterIicEC2ERKS1_
FN:13,_ZN3s214IterIciEC2ERKS1_
FN:13,_ZN3s214IterIiNSt7__cxx1112basic_stringIcSt11char_traitsIcESaIcEEEEC2ERKS7_
FN:13,_ZN3s214IterIiiEC2ERKS1_
FN:16,_ZNK3s214IterIiiEeqERKS1_
FN:16,_ZNK3s214IterIiNSt7__cxx1112basic_stringIcSt11char_traitsIcESaIcEEEEeqERKS7_
FN:16,_ZNK3s214IterIicEeqERKS1_
FN:21,_ZN3s214IterIiiEaSERKS1_
FN:21,_ZN3s214IterIiNSt7__cxx1112basic_stringIcSt11char_traitsIcESaIcEEEEaSERKS7_
FN:21,_ZN3s214IterIciEaSERKS1_
FN:21,_ZN3s214IterIicEaSERKS1_
FN:21,_ZN3s214IterIifEaSERKS1_
FN:27,_ZN3s214IterIiiEppEv
FN:27,_ZN3s214IterIiNSt7__cxx1112basic_stringIcSt11char_traitsIcESaIcEEEEppEv
FN:27,_ZN3s214IterIifEppEv
FN:27,_ZN3s214IterIciEppEv
FN:27,_ZN3s214IterIicEppEv
FN:48,_ZN3s214IterIicEmmEv
FN:48,_ZN3s214IterIciEmmEv
FN:48,_ZN3s214IterIiiEmmEv
FN:75,_ZNK3s214IterIiiEneERKS1_
FN:75,_ZNK3s214IterIicEneERKS1_
FN:75,_ZNK3s214IterIifEneERKS1_
FN:75,_ZNK3s214IterIiNSt7__cxx1112basic_stringIcSt11char_traitsIcESaIcEEEEneERKS7_
FNDA:354,_ZN3s214IterIiiEC2ERKS1_
FNDA:11,_ZN3s214IterIiNSt7__cxx1112basic_stringIcSt11char_traitsIcESaIcEEEEC2ERKS7_
FNDA:215,_ZN3s214IterIiiEC2Ev
FNDA:4,_ZN3s214IterIciEppEv
FNDA:4,_ZN3s214IterIifEaSERKS1_
FNDA:6,_ZNK3s214IterIiNSt7__cxx1112basic_stringIcSt11char_traitsIcESaIcEEEEneERKS7_
FNDA:175,_ZN3s214IterIicEppEv
FNDA:16,_ZN3s214IterIiiEmmEv
FNDA:4,_ZN3s214IterIifEppEv
FNDA:11,_ZNK3s214IterIifEneERKS1_
FNDA:903,_ZN3s214IterIiiEC2EPNS_4NodeIiiEE
FNDA:6,_ZN3s214IterIciEaSERKS1_
FNDA:127,_ZN3s214IterIicEaSERKS1_
FNDA:2,_ZN3s214IterIiNSt7__cxx1112basic_stringIcSt11char_traitsIcESaIcEEEEppEv
FNDA:21,_ZN3s214IterIiNSt7__cxx1112basic_stringIcSt11char_traitsIcESaIcEEEEC2EPNS_4NodeIiS6_EE
FNDA:272,_ZN3s214IterIiiEppEv
FNDA:224,_ZN3s214IterIicEC2ERKS1_
FNDA:105,_ZN3s214IterIicEC2Ev
FNDA:6,_ZN3s214IterIciEC2Ev
FNDA:6,_ZN3s214IterIciEC2ERKS1_
FNDA:8,_ZN3s214IterIciEC2EPNS_4NodeIciEE
FNDA:4,_ZNK3s214IterIiNSt7__cxx1112basic_stringIcSt11char_traitsIcESaIcEEEEeqERKS7_
FNDA:608,_ZN3s214IterIicEC2EPNS_4NodeIicEE
FNDA:25,_ZNK3s214IterIicEeqERKS1_
FNDA:344,_ZNK3s214IterIicEneERKS1_
FNDA:7,_ZN3s214IterIiNSt7__cxx1112basic_stringIcSt11char_traitsIcESaIcEEEEaSERKS7_
FNDA:7,_ZN3s214IterIiNSt7__cxx1112basic_stringIcSt11char_traitsIcESaIcEEEEC2Ev
FNDA:236,_ZN3s214IterIiiEaSERKS1_
FNDA:1,_ZNK3s214IterIiiEeqERKS1_
FNDA:2,_ZN3s214IterIicEmmEv
FNDA:4,_ZN3s214IterIifEC2Ev
FNDA:5,_ZN3s214IterIciEmmEv
FNDA:510,_ZNK3s214IterIiiEneERKS1_
FNDA:8,_ZN3s214IterIifEC2ERKS1_
FNDA:20,_ZN3s214IterIifEC2EPNS_4NodeIifEE
FNF:35
FNH:35
DA:7,337
DA:10,1560
DA:13,603
DA:16,30
DA:17,30
DA:21,380
DA:22,380
DA:23,380
DA:27,457
DA:28,457
DA:29,1
DA:31,456
DA:32,179
DA:33,232
DA:34,53
DA:36,277
DA:37,277
DA:39,348
DA:40,71
DA:41,71
DA:43,277
DA:48,23
DA:49,23
DA:50,6
DA:51,6
DA:53,17
DA:54,8
DA:55,9
DA:56,1
DA:58,9
DA:59,9
DA:61,10
DA:62,2
DA:63,2
DA:64,1
DA:66,1
DA:67,1
DA:70,8
DA:75,871
DA:76,871
LF:40
LH:40
end_of_record
TN:test
SF:/home/tixon/github/CPPContainers/src/s21_containers/general_structures/node.h
FN:19,_ZN3s214NodeIifEC2Ev
FN:19,_ZN3s214NodeIiiEC2Ev
FN:19,_ZN3s214NodeIicEC2Ev
FN:19,_ZN3s214NodeIciEC2Ev
FN:19,_ZN3s214NodeIiNSt7__cxx1112basic_stringIcSt11char_traitsIcESaIcEEEEC2Ev
FN:28,_ZN3s214NodeIiiEC2ERKS1_
FN:37,_ZN3s214NodeIiiEC2EOS1_
FN:54,_ZN3s214NodeIiiEaSERKS1_
FN:67,_ZN3s214NodeIiiEaSEOS1_
FN:87,_ZN3s214NodeIifED2Ev
FN:87,_ZN3s214NodeIiiED2Ev
FN:87,_ZN3s214NodeIciED2Ev
FN:87,_ZN3s214NodeIicED2Ev
FN:87,_ZN3s214NodeIiNSt7__cxx1112basic_stringIcSt11char_traitsIcESaIcEEEED2Ev
FNDA:275,_ZN3s214NodeIiiEC2Ev
FNDA:1,_ZN3s214NodeIiiEC2ERKS1_
FNDA:1,_ZN3s214NodeIiiEC2EOS1_
FNDA:277,_ZN3s214NodeIiiED2Ev
FNDA:1,_ZN3s214NodeIiiEaSERKS1_
FNDA:1,_ZN3s214NodeIiiEaSEOS1_
FNDA:7,_ZN3s214NodeIifED2Ev
FNDA:7,_ZN3s214NodeIifEC2Ev
FNDA:7,_ZN3s214NodeIiNSt7__cxx1112basic_stringIcSt11char_traitsIcESaIcEEEED2Ev
FNDA:7,_ZN3s214NodeIiNSt7__cxx1112basic_stringIcSt11char_traitsIcESaIcEEEEC2Ev
FNDA:129,_ZN3s214NodeIicEC2Ev
FNDA:8,_ZN3s214NodeIciED2Ev
FNDA:129,_ZN3s214NodeIicED2Ev
FNDA:8,_ZN3s214NodeIciEC2Ev
FNF:14
FNH:14
DA:19,426
DA:26,426
DA:28,1
DA:29,1
DA:30,1
DA:34,1
DA:35,1
DA:37,1
DA:38,1
DA:39,1
DA:40,1
DA:41,1
DA:42,1
DA:43,1
DA:44,1
DA:45,1
DA:46,1
DA:47,1
DA:48,1
DA:49,1
DA:50,1
DA:51,1
DA:52,1
DA:54,1
DA:55,1
DA:56,1
DA:57,1
DA:58,1
DA:59,1
DA:60,1
DA:61,1
DA:62,1
DA:64,1
DA:67,1
DA:68,1
DA:69,1
DA:70,1
DA:71,1
DA:72,1
DA:73,1
DA:74,1
DA:75,1
DA:76,1
DA:77,1
DA:78,1
DA:79,1
DA:80,1
DA:81,1
DA:82,1
DA:84,1
DA:87,428
LF:51
LH:51
end_of_record
TN:test
SF:/home/tixon/github/CPPContainers/src/s21_containers/list/list.tpp
FN:3,_ZN3s214ListIiEC2Ev
FN:3,_ZN3s214ListIcEC2Ev
FN:8,_ZN3s214ListIcE14FakeEndElementEv
FN:8,_ZN3s214ListINSt7__cxx1112basic_stringIcSt11char_traitsIcESaIcEEEE14FakeEndElementEv
FN:8,_ZN3s214ListIdE14FakeEndElementEv
FN:8,_ZN3s214ListIiE14FakeEndElementEv
FN:15,_ZN3s214ListIiEC2Em
FN:26,_ZN3s214ListIdEC2ERKSt16initializer_listIdE
FN:26,_ZN3s214ListINSt7__cxx1112basic_stringIcSt11char_traitsIcESaIcEEEEC2ERKSt16initializer_listIS6_E
FN:26,_ZN3s214ListIiEC2ERKSt16initializer_listIiE
FN:26,_ZN3s214ListIcEC2ERKSt16initializer_listIcE
FN:35,_ZN3s214ListIiEC2ERKS1_
FN:42,_ZN3s214ListIiEC2EOS1_
FN:51,_ZN3s214ListINSt7__cxx1112basic_stringIcSt11char_traitsIcESaIcEEEED2Ev
FN:51,_ZN3s214ListIcED2Ev
FN:51,_ZN3s214ListIiED2Ev
FN:51,_ZN3s214ListIdED2Ev
FN:60,_ZN3s214ListIiEaSEOS1_
FN:69,_ZN3s214ListIiEaSERKS1_
FN:87,_ZNK3s214ListIiE5FrontEv
FN:87,_ZNK3s214ListIcE5FrontEv
FN:95,_ZNK3s214ListIiE4BackEv
FN:95,_ZNK3s214ListIcE4BackEv
FN:103,_ZNK3s214ListIcE5BeginEv
FN:103,_ZNK3s214ListIiE5BeginEv
FN:103,_ZNK3s214ListINSt7__cxx1112basic_stringIcSt11char_traitsIcESaIcEEEE5BeginEv
FN:103,_ZNK3s214ListIdE5BeginEv
FN:108,_ZNK3s214ListIiE3EndEv
FN:108,_ZNK3s214ListIcE3EndEv
FN:113,_ZNK3s214ListIcE5EmptyEv
FN:113,_ZNK3s214ListIiE5EmptyEv
FN:118,_ZNK3s214ListIiE4SizeEv
FN:118,_ZNK3s214ListINSt7__cxx1112basic_stringIcSt11char_traitsIcESaIcEEEE4SizeEv
FN:118,_ZNK3s214ListIcE4SizeEv
FN:118,_ZNK3s214ListIdE4SizeEv
FN:123,_ZNK3s214ListIiE7MaxSizeEv
FN:128,_ZN3s214ListIdE5ClearEv
FN:128,_ZN3s214ListIiE5ClearEv
FN:128,_ZN3s214ListINSt7__cxx1112basic_stringIcSt11char_traitsIcESaIcEEEE5ClearEv
FN:128,_ZN3s214ListIcE5ClearEv
FN:135,_ZN3s214ListIiE6InsertENS_12ListIteratorIiEERKi
FN:169,_ZN3s214ListIiE5EraseENS_12ListIteratorIiEE
FN:188,_ZN3s214ListINSt7__cxx1112basic_stringIcSt11char_traitsIcESaIcEEEE8PushBackERKS6_
FN:188,_ZN3s214ListIcE8PushBackERKc
FN:188,_ZN3s214ListIiE8PushBackERKi
FN:188,_ZN3s214ListIdE8PushBackERKd
FN:214,_ZN3s214ListIiE7PopBackEv
FN:232,_ZN3s214ListIiE9PushFrontERKi
FN:232,_ZN3s214ListIcE9PushFrontERKc
FN:258,_ZN3s214ListIdE8PopFrontEv
FN:258,_ZN3s214ListINSt7__cxx1112basic_stringIcSt11char_traitsIcESaIcEEEE8PopFrontEv
FN:258,_ZN3s214ListIcE8PopFrontEv
FN:258,_ZN3s214ListIiE8PopFrontEv
FN:286,_ZN3s214ListIiE4SwapERS1_
FN:302,_ZN3s214ListIiE5MergeERS1_
FN:330,_ZN3s214ListIiE6SpliceENS_17ListConstIteratorIiEERS1_
FN:360,_ZN3s214ListIiE7ReverseEv
FN:377,_ZN3s214ListIiE6UniqueEv
FN:401,_ZN3s214ListIdE4SortEv
FN:401,_ZN3s214ListIiE4SortEv
FNDA:1,_ZN3s214ListIiEC2ERKS1_
FNDA:1,_ZN3s214ListINSt7__cxx1112basic_stringIcSt11char_traitsIcESaIcEEEED2Ev
FNDA:14,_ZN3s214ListIiE6InsertENS_12ListIteratorIiEERKi
FNDA:3,_ZN3s214ListIiE6UniqueEv
FNDA:111,_ZNK3s214ListIiE4SizeEv
FNDA:4,_ZNK3s214ListIcE5BeginEv
FNDA:2,_ZN3s214ListIdE5ClearEv
FNDA:5,_ZNK3s214ListIiE4BackEv
FNDA:2,_ZN3s214ListIdE8PopFrontEv
FNDA:3,_ZN3s214ListINSt7__cxx1112basic_stringIcSt11char_traitsIcESaIcEEEE8PushBackERKS6_
FNDA:76,_ZNK3s214ListIiE5FrontEv
FNDA:136,_ZN3s214ListIcE8PushBackERKc
FNDA:2,_ZN3s214ListIdEC2ERKSt16initializer_listIdE
FNDA:163,_ZNK3s214ListIiE3EndEv
FNDA:215,_ZN3s214ListIiE5ClearEv
FNDA:5,_ZNK3s214ListINSt7__cxx1112basic_stringIcSt11char_traitsIcESaIcEEEE4SizeEv
FNDA:5,_ZN3s214ListIiE9PushFrontERKi
FNDA:1,_ZN3s214ListINSt7__cxx1112basic_stringIcSt11char_traitsIcESaIcEEEE5ClearEv
FNDA:6,_ZNK3s214ListIcE4SizeEv
FNDA:59,_ZNK3s214ListIiE5BeginEv
FNDA:34,_ZN3s214ListIcE14FakeEndElementEv
FNDA:3,_ZN3s214ListIiE7ReverseEv
FNDA:1,_ZNK3s214ListIcE4BackEv
FNDA:1,_ZN3s214ListIdE4SortEv
FNDA:1,_ZN3s214ListINSt7__cxx1112basic_stringIcSt11char_traitsIcESaIcEEEEC2ERKSt16initializer_listIS6_E
FNDA:34,_ZN3s214ListIcE5ClearEv
FNDA:5,_ZN3s214ListIiEC2EOS1_
FNDA:10,_ZNK3s214ListIcE3EndEv
FNDA:5,_ZN3s214ListIcE9PushFrontERKc
FNDA:3,_ZN3s214ListINSt7__cxx1112basic_stringIcSt11char_traitsIcESaIcEEEE8PopFrontEv
FNDA:1048,_ZN3s214ListIiE8PushBackERKi
FNDA:3,_ZN3s214ListIiE4SortEv
FNDA:4,_ZN3s214ListIiEC2Em
FNDA:2,_ZN3s214ListIiE5MergeERS1_
FNDA:1,_ZNK3s214ListIcE5FrontEv
FNDA:1,_ZN3s214ListINSt7__cxx1112basic_stringIcSt11char_traitsIcESaIcEEEE14FakeEndElementEv
FNDA:34,_ZN3s214ListIcED2Ev
FNDA:1,_ZNK3s214ListIiE7MaxSizeEv
FNDA:141,_ZN3s214ListIcE8PopFrontEv
FNDA:2,_ZN3s214ListIiE6SpliceENS_17ListConstIteratorIiEERS1_
FNDA:1,_ZNK3s214ListIdE4SizeEv
FNDA:2,_ZNK3s214ListIcE5EmptyEv
FNDA:6,_ZN3s214ListIiE5EraseENS_12ListIteratorIiEE
FNDA:44,_ZN3s214ListIiEC2Ev
FNDA:1,_ZN3s214ListIiEaSEOS1_
FNDA:2,_ZN3s214ListIdE8PushBackERKd
FNDA:204,_ZN3s214ListIiE14FakeEndElementEv
FNDA:1053,_ZN3s214ListIiE8PopFrontEv
FNDA:209,_ZN3s214ListIiED2Ev
FNDA:2,_ZN3s214ListIdE14FakeEndElementEv
FNDA:1,_ZNK3s214ListINSt7__cxx1112basic_stringIcSt11char_traitsIcESaIcEEEE5BeginEv
FNDA:2,_ZN3s214ListIiEaSERKS1_
FNDA:155,_ZN3s214ListIiEC2ERKSt16initializer_listIiE
FNDA:1,_ZN3s214ListIcEC2Ev
FNDA:33,_ZN3s214ListIcEC2ERKSt16initializer_listIcE
FNDA:2,_ZN3s214ListIdED2Ev
FNDA:1,_ZNK3s214ListIdE5BeginEv
FNDA:179,_ZNK3s214ListIiE5EmptyEv
FNDA:3,_ZN3s214ListIiE7PopBackEv
FNDA:4,_ZN3s214ListIiE4SwapERS1_
FNF:60
FNH:60
DA:3,45
DA:4,45
DA:5,45
DA:8,241
DA:9,241
DA:10,241
DA:11,241
DA:12,241
DA:15,4
DA:16,4
DA:17,0
DA:19,4
DA:20,62
DA:21,58
DA:23,4
DA:26,191
DA:27,191
DA:28,191
DA:29,1273
DA:30,1082
DA:32,191
DA:35,1
DA:36,1
DA:37,1
DA:38,1
DA:39,1
DA:42,5
DA:43,5
DA:44,5
DA:45,5
DA:46,5
DA:47,5
DA:48,5
DA:51,246
DA:52,246
DA:53,246
DA:54,239
DA:56,246
DA:57,246
DA:60,1
DA:61,1
DA:62,2
DA:63,1
DA:65,1
DA:69,2
DA:70,2
DA:71,2
DA:73,2
DA:74,0
DA:77,2
DA:78,12
DA:79,10
DA:80,10
DA:83,2
DA:87,77
DA:88,77
DA:89,0
DA:91,77
DA:95,6
DA:96,6
DA:97,0
DA:99,6
DA:103,65
DA:104,65
DA:108,173
DA:109,173
DA:113,181
DA:114,181
DA:118,123
DA:119,123
DA:123,1
DA:124,1
DA:128,1419
DA:129,1419
DA:130,1167
DA:132,252
DA:135,14
DA:137,14
DA:138,14
DA:139,14
DA:140,1
DA:141,1
DA:142,1
DA:143,1
DA:144,13
DA:145,4
DA:146,4
DA:147,4
DA:148,9
DA:149,3
DA:150,3
DA:151,3
DA:152,3
DA:154,6
DA:155,6
DA:156,6
DA:157,6
DA:158,6
DA:161,14
DA:162,14
DA:163,14
DA:165,14
DA:169,6
DA:170,6
DA:171,6
DA:172,6
DA:173,3
DA:174,3
DA:175,0
DA:177,3
DA:178,3
DA:179,3
DA:180,3
DA:181,3
DA:182,3
DA:185,6
DA:188,1189
DA:189,1189
DA:190,1189
DA:191,200
DA:192,200
DA:193,200
DA:194,200
DA:195,200
DA:196,989
DA:197,200
DA:198,200
DA:199,200
DA:200,200
DA:201,200
DA:202,200
DA:204,789
DA:205,789
DA:206,789
DA:207,789
DA:208,789
DA:210,1189
DA:211,1189
DA:214,3
DA:215,3
DA:216,3
DA:217,0
DA:218,0
DA:219,0
DA:221,3
DA:222,3
DA:223,3
DA:224,3
DA:225,3
DA:226,3
DA:229,3
DA:232,10
DA:233,10
DA:234,10
DA:235,3
DA:236,3
DA:237,3
DA:238,3
DA:239,3
DA:240,7
DA:241,1
DA:242,1
DA:243,1
DA:244,1
DA:245,1
DA:246,1
DA:247,1
DA:249,6
DA:250,6
DA:251,6
DA:252,6
DA:254,10
DA:255,10
DA:258,1199
DA:259,1199
DA:260,1199
DA:261,1199
DA:262,996
DA:264,203
DA:265,203
DA:268,1199
DA:269,1199
DA:270,1199
DA:273,1199
DA:274,200
DA:275,200
DA:276,200
DA:277,200
DA:278,200
DA:279,200
DA:281,1199
DA:283,1199
DA:286,4
DA:287,4
DA:288,4
DA:289,4
DA:290,4
DA:291,4
DA:292,4
DA:293,4
DA:294,4
DA:295,4
DA:296,4
DA:297,4
DA:298,4
DA:299,4
DA:302,2
DA:303,2
DA:304,0
DA:307,4
DA:309,24
DA:310,22
DA:311,10
DA:312,10
DA:314,12
DA:315,12
DA:318,6
DA:319,4
DA:320,4
DA:322,2
DA:323,0
DA:324,0
DA:326,2
DA:330,2
DA:331,2
DA:332,2
DA:333,2
DA:334,1
DA:335,1
DA:336,1
DA:337,1
DA:338,0
DA:339,0
DA:340,0
DA:341,0
DA:343,0
DA:344,0
DA:345,0
DA:346,0
DA:348,1
DA:350,2
DA:351,2
DA:352,2
DA:353,2
DA:355,2
DA:356,2
DA:357,2
DA:360,3
DA:361,3
DA:362,2
DA:363,2
DA:364,13
DA:365,11
DA:366,11
DA:367,11
DA:370,2
DA:371,2
DA:372,2
DA:374,3
DA:377,3
DA:378,3
DA:379,2
DA:380,2
DA:382,19
DA:383,17
DA:384,17
DA:385,8
DA:386,8
DA:387,8
DA:388,8
DA:389,8
DA:390,8
DA:393,9
DA:396,2
DA:398,3
DA:401,4
DA:402,4
DA:403,22
DA:404,142
DA:406,123
DA:407,27
DA:408,27
DA:409,27
DA:414,4
LF:284
LH:265
end_of_record
TN:test
SF:/home/tixon/github/CPPContainers/src/s21_containers/list/list_iterators.h
FN:17,_ZN3s2112ListIteratorIcEC2EPNS_4nodeIcEE
FN:17,_ZN3s2112ListIteratorIdEC2EPNS_4nodeIdEE
FN:17,_ZN3s2112ListIteratorIiEC2EPNS_4nodeIiEE
FN:17,_ZN3s2112ListIteratorINSt7__cxx1112basic_stringIcSt11char_traitsIcESaIcEEEEC2EPNS_4nodeIS6_EE
FN:18,_ZN3s2112ListIteratorIdEdeEv
FN:18,_ZN3s2112ListIteratorIcEdeEv
FN:18,_ZN3s2112ListIteratorINSt7__cxx1112basic_stringIcSt11char_traitsIcESaIcEEEEdeEv
FN:18,_ZN3s2112ListIteratorIiEdeEv
FN:20,_ZNK3s2112ListIteratorIiEneERKS1_
FN:20,_ZNK3s2112ListIteratorIcEneERKS1_
FN:27,_ZN3s2112ListIteratorIcEppEv
FN:27,_ZN3s2112ListIteratorINSt7__cxx1112basic_stringIcSt11char_traitsIcESaIcEEEEppEv
FN:27,_ZN3s2112ListIteratorIiEppEv
FN:54,_ZN3s2112ListIteratorIiEmmEv
FN:74,_ZNK3s2112ListIteratorIiE14GetNodePointerEv
FN:74,_ZNK3s2112ListIteratorIcE14GetNodePointerEv
FN:92,_ZN3s2117ListConstIteratorIcEC2ERKNS_12ListIteratorIcEE
FN:92,_ZN3s2117ListConstIteratorIiEC2ERKNS_12ListIteratorIiEE
FN:94,_ZN3s2117ListConstIteratorIcEdeEv
FN:96,_ZN3s2117ListConstIteratorIcEneERKS1_
FN:100,_ZN3s2117ListConstIteratorIcEppEv
FN:110,_ZNK3s2117ListConstIteratorIiEcvNS_12ListIteratorIiEEEv
FNDA:1,_ZN3s2112ListIteratorINSt7__cxx1112basic_stringIcSt11char_traitsIcESaIcEEEEC2EPNS_4nodeIS6_EE
FNDA:3,_ZN3s2112ListIteratorINSt7__cxx1112basic_stringIcSt11char_traitsIcESaIcEEEEdeEv
FNDA:213,_ZN3s2112ListIteratorIiEdeEv
FNDA:219,_ZN3s2112ListIteratorIiEppEv
FNDA:4,_ZN3s2117ListConstIteratorIcEppEv
FNDA:3,_ZN3s2112ListIteratorINSt7__cxx1112basic_stringIcSt11char_traitsIcESaIcEEEEppEv
FNDA:2,_ZNK3s2117ListConstIteratorIiEcvNS_12ListIteratorIiEEEv
FNDA:3,_ZN3s2112ListIteratorIiEmmEv
FNDA:6,_ZNK3s2112ListIteratorIcE14GetNodePointerEv
FNDA:5,_ZNK3s2112ListIteratorIcEneERKS1_
FNDA:2,_ZN3s2117ListConstIteratorIiEC2ERKNS_12ListIteratorIiEE
FNDA:17,_ZN3s2112ListIteratorIcEppEv
FNDA:238,_ZN3s2112ListIteratorIiEC2EPNS_4nodeIiEE
FNDA:24,_ZNK3s2112ListIteratorIiE14GetNodePointerEv
FNDA:17,_ZN3s2112ListIteratorIcEdeEv
FNDA:5,_ZN3s2117ListConstIteratorIcEneERKS1_
FNDA:4,_ZN3s2117ListConstIteratorIcEdeEv
FNDA:1,_ZN3s2112ListIteratorIdEC2EPNS_4nodeIdEE
FNDA:1,_ZN3s2112ListIteratorIdEdeEv
FNDA:158,_ZNK3s2112ListIteratorIiEneERKS1_
FNDA:6,_ZN3s2117ListConstIteratorIcEC2ERKNS_12ListIteratorIcEE
FNDA:14,_ZN3s2112ListIteratorIcEC2EPNS_4nodeIcEE
FNF:22
FNH:22
DA:17,254
DA:18,234
DA:20,163
DA:21,163
DA:27,239
DA:28,239
DA:29,239
DA:31,239
DA:54,3
DA:55,3
DA:56,3
DA:58,3
DA:74,30
DA:92,8
DA:94,4
DA:96,5
DA:100,4
DA:101,4
DA:102,4
DA:110,2
LF:20
LH:20
end_of_record
TN:test
SF:/home/tixon/github/CPPContainers/src/s21_containers/list/list_node.h
FN:10,_ZN3s214nodeINSt7__cxx1112basic_stringIcSt11char_traitsIcESaIcEEEEC2ERKS6_PS7_SA_
FN:10,_ZN3s214nodeIcEC2ERKcPS1_S4_
FN:10,_ZN3s214nodeIdEC2ERKdPS1_S4_
FN:10,_ZN3s214nodeIiEC2ERKiPS1_S4_
FNDA:4,_ZN3s214nodeIdEC2ERKdPS1_S4_
FNDA:1271,_ZN3s214nodeIiEC2ERKiPS1_S4_
FNDA:4,_ZN3s214nodeINSt7__cxx1112basic_stringIcSt11char_traitsIcESaIcEEEEC2ERKS6_PS7_SA_
FNDA:175,_ZN3s214nodeIcEC2ERKcPS1_S4_
FNF:4
FNH:4
DA:10,1454
DA:11,1454
LF:2
LH:2
end_of_record
TN:test
SF:/home/tixon/github/CPPContainers/src/s21_containers/map/map.h
FN:9,_ZN3s213MapIifEaSEOS1_
FN:20,_ZN3s213MapIicEC2Ev
FN:20,_ZN3s213MapIifEC2Ev
FN:20,_ZN3s213MapIiiEC2Ev
FN:20,_ZN3s213MapIiNSt7__cxx1112basic_stringIcSt11char_traitsIcESaIcEEEEC2Ev
FN:21,_ZN3s213MapIicEC2ERKSt16initializer_listISt4pairIKicEE
FN:21,_ZN3s213MapIifEC2ERKSt16initializer_listISt4pairIKifEE
FN:21,_ZN3s213MapIciEC2ERKSt16initializer_listISt4pairIKciEE
FN:21,_ZN3s213MapIiiEC2ERKSt16initializer_listISt4pairIKiiEE
FN:23,_ZN3s213MapIicEC2ERKS1_
FN:24,_ZN3s213MapIicEC2EOS1_
FN:25,_ZN3s213MapIiiED2Ev
FN:25,_ZN3s213MapIiNSt7__cxx1112basic_stringIcSt11char_traitsIcESaIcEEEED2Ev
FN:25,_ZN3s213MapIifED2Ev
FN:25,_ZN3s213MapIicED2Ev
FN:25,_ZN3s213MapIciED2Ev
FN:29,_ZN3s213MapIiiE6InsertERKSt4pairIKiiE
FN:29,_ZN3s213MapIicE6InsertERKSt4pairIKicE
FN:29,_ZN3s213MapIiNSt7__cxx1112basic_stringIcSt11char_traitsIcESaIcEEEE6InsertERKSt4pairIKiS6_E
FN:29,_ZN3s213MapIifE6InsertERKSt4pairIKifE
FN:33,_ZN3s213MapIiiE6InsertERKiS3_
FN:33,_ZN3s213MapIiNSt7__cxx1112basic_stringIcSt11char_traitsIcESaIcEEEE6InsertERKiRKS6_
FN:38,_ZN3s213MapIiNSt7__cxx1112basic_stringIcSt11char_traitsIcESaIcEEEE16insert_or_assignERKiRKS6_
FN:70,_ZN3s213MapIicE2AtERKi
FN:70,_ZN3s213MapIiNSt7__cxx1112basic_stringIcSt11char_traitsIcESaIcEEEE2AtERKi
FN:77,_ZN3s213MapIicEixERKi
FNDA:1,_ZN3s213MapIifEC2ERKSt16initializer_listISt4pairIKifEE
FNDA:7,_ZN3s213MapIiNSt7__cxx1112basic_stringIcSt11char_traitsIcESaIcEEEE6InsertERKSt4pairIKiS6_E
FNDA:1,_ZN3s213MapIifEaSEOS1_
FNDA:2,_ZN3s213MapIifEC2Ev
FNDA:3,_ZN3s213MapIiNSt7__cxx1112basic_stringIcSt11char_traitsIcESaIcEEEE6InsertERKiRKS6_
FNDA:30,_ZN3s213MapIicED2Ev
FNDA:4,_ZN3s213MapIiNSt7__cxx1112basic_stringIcSt11char_traitsIcESaIcEEEE2AtERKi
FNDA:6,_ZN3s213MapIicEixERKi
FNDA:18,_ZN3s213MapIiiEC2Ev
FNDA:1,_ZN3s213MapIicEC2EOS1_
FNDA:3,_ZN3s213MapIiNSt7__cxx1112basic_stringIcSt11char_traitsIcESaIcEEEEC2Ev
FNDA:4,_ZN3s213MapIiNSt7__cxx1112basic_stringIcSt11char_traitsIcESaIcEEEE16insert_or_assignERKiRKS6_
FNDA:2,_ZN3s213MapIciED2Ev
FNDA:1,_ZN3s213MapIifE6InsertERKSt4pairIKifE
FNDA:3,_ZN3s213MapIiiEC2ERKSt16initializer_listISt4pairIKiiEE
FNDA:2,_ZN3s213MapIciEC2ERKSt16initializer_listISt4pairIKciEE
FNDA:21,_ZN3s213MapIiiED2Ev
FNDA:1,_ZN3s213MapIicEC2ERKS1_
FNDA:18,_ZN3s213MapIicE2AtERKi
FNDA:47,_ZN3s213MapIiiE6InsertERKSt4pairIKiiE
FNDA:6,_ZN3s213MapIiiE6InsertERKiS3_
FNDA:3,_ZN3s213MapIiNSt7__cxx1112basic_stringIcSt11char_traitsIcESaIcEEEED2Ev
FNDA:3,_ZN3s213MapIicEC2Ev
FNDA:25,_ZN3s213MapIicEC2ERKSt16initializer_listISt4pairIKicEE
FNDA:3,_ZN3s213MapIifED2Ev
FNDA:3,_ZN3s213MapIicE6InsertERKSt4pairIKicE
FNF:26
FNH:26
DA:9,1
DA:20,26
DA:21,31
DA:22,31
DA:23,1
DA:24,1
DA:25,59
DA:29,58
DA:30,58
DA:33,9
DA:34,12
DA:35,18
DA:38,4
DA:39,8
DA:40,4
DA:41,4
DA:42,2
DA:43,1
DA:44,1
DA:47,8
DA:70,22
DA:71,22
DA:72,22
DA:73,0
DA:75,44
DA:77,6
DA:78,6
DA:79,6
DA:80,2
DA:81,2
DA:82,2
DA:84,12
LF:32
LH:31
end_of_record
TN:test
SF:/home/tixon/github/CPPContainers/src/s21_containers/queue/queue.tpp
FN:4,_ZN3s215QueueIiEC2Ev
FN:7,_ZN3s215QueueIiEC2ERKSt16initializer_listIiE
FN:15,_ZN3s215QueueIiEC2ERKS1_
FN:24,_ZN3s215QueueIiEC2EOS1_
FN:32,_ZN3s215QueueIiED2Ev
FN:41,_ZN3s215QueueIiEaSEOS1_
FN:58,_ZNK3s215QueueIiE5FrontEv
FN:66,_ZNK3s215QueueIiE5EmptyEv
FN:71,_ZNK3s215QueueIiE4SizeEv
FN:76,_ZN3s215QueueIiE4PushERKi
FN:89,_ZN3s215QueueIiE3PopEv
FN:103,_ZN3s215QueueIiE4SwapERS1_
FNDA:1,_ZN3s215QueueIiE4SwapERS1_
FNDA:5,_ZN3s215QueueIiE3PopEv
FNDA:27,_ZN3s215QueueIiE4PushERKi
FNDA:47,_ZNK3s215QueueIiE5EmptyEv
FNDA:10,_ZN3s215QueueIiEC2Ev
FNDA:1,_ZN3s215QueueIiEC2EOS1_
FNDA:1,_ZN3s215QueueIiEC2ERKS1_
FNDA:11,_ZN3s215QueueIiED2Ev
FNDA:1,_ZN3s215QueueIiEaSEOS1_
FNDA:2,_ZN3s215QueueIiEC2ERKSt16initializer_listIiE
FNDA:7,_ZNK3s215QueueIiE4SizeEv
FNDA:9,_ZNK3s215QueueIiE5FrontEv
FNF:12
FNH:12
DA:4,10
DA:7,2
DA:8,2
DA:9,9
DA:10,7
DA:12,2
DA:15,1
DA:16,1
DA:17,4
DA:18,3
DA:19,3
DA:21,1
DA:24,1
DA:25,1
DA:26,1
DA:27,1
DA:28,1
DA:29,1
DA:32,30
DA:33,30
DA:34,19
DA:35,19
DA:36,19
DA:38,11
DA:41,1
DA:42,1
DA:43,4
DA:44,3
DA:45,3
DA:46,3
DA:48,1
DA:49,1
DA:50,1
DA:51,1
DA:52,1
DA:53,1
DA:55,1
DA:58,9
DA:59,9
DA:60,0
DA:62,9
DA:66,47
DA:67,47
DA:71,7
DA:72,7
DA:76,27
DA:77,27
DA:78,27
DA:79,9
DA:80,9
DA:82,18
DA:83,18
DA:85,27
DA:86,27
DA:89,5
DA:90,5
DA:91,5
DA:92,5
DA:93,5
DA:95,5
DA:96,2
DA:98,5
DA:100,5
DA:103,1
DA:104,1
DA:105,1
DA:106,1
DA:107,1
DA:108,1
DA:109,1
DA:111,1
DA:112,1
DA:113,1
DA:114,1
LF:74
LH:73
end_of_record
TN:test
SF:/home/tixon/github/CPPContainers/src/s21_containers/set/set.h
FN:8,_ZN3s213SetIiEaSEOS1_
FN:8,_ZN3s213SetIiEaSERKS1_
FN:18,_ZN3s213SetIiEC2Ev
FN:19,_ZN3s213SetIiEC2ERKSt16initializer_listIiE
FN:24,_ZN3s213SetIiEC2ERKS1_
FN:25,_ZN3s213SetIiEC2EOS1_
FN:26,_ZN3s213SetIiED2Ev
FNDA:40,_ZN3s213SetIiED2Ev
FNDA:1,_ZN3s213SetIiEaSEOS1_
FNDA:2,_ZN3s213SetIiEaSERKS1_
FNDA:1,_ZN3s213SetIiEC2ERKS1_
FNDA:25,_ZN3s213SetIiEC2ERKSt16initializer_listIiE
FNDA:1,_ZN3s213SetIiEC2EOS1_
FNDA:38,_ZN3s213SetIiEC2Ev
FNF:7
FNH:7
DA:8,3
DA:18,38
DA:19,25
DA:20,114
DA:21,89
DA:23,25
DA:24,1
DA:25,1
DA:26,40
LF:9
LH:9
end_of_record
TN:test
SF:/home/tixon/github/CPPContainers/src/s21_containers/stack/stack.tpp
FN:4,_ZN3s215StackIiEC2Ev
FN:10,_ZN3s215StackIiEC2ERKSt16initializer_listIiE
FN:19,_ZN3s215StackIiEC2ERKS1_
FN:35,_ZN3s215StackIiEC2EOS1_
FN:43,_ZN3s215StackIiED2Ev
FN:48,_ZN3s215StackIiE5ClearEv
FN:58,_ZN3s215StackIiE4PushERKi
FN:72,_ZN3s215StackIiE3PopEv
FN:82,_ZN3s215StackIiE4SwapERS1_
FN:93,_ZNK3s215StackIiE5EmptyEv
FN:98,_ZNK3s215StackIiE3TopEv
FN:106,_ZN3s215StackIiEaSEOS1_
FN:117,_ZNK3s215StackIiE4SizeEv
FNDA:5,_ZN3s215StackIiE3PopEv
FNDA:6,_ZN3s215StackIiEC2Ev
FNDA:2,_ZN3s215StackIiEC2EOS1_
FNDA:3,_ZN3s215StackIiEC2ERKS1_
FNDA:128,_ZN3s215StackIiE4PushERKi
FNDA:58,_ZN3s215StackIiE5ClearEv
FNDA:7,_ZN3s215StackIiE4SwapERS1_
FNDA:42,_ZN3s215StackIiEC2ERKSt16initializer_listIiE
FNDA:53,_ZN3s215StackIiED2Ev
FNDA:5,_ZN3s215StackIiEaSEOS1_
FNDA:35,_ZNK3s215StackIiE4SizeEv
FNDA:5,_ZNK3s215StackIiE5EmptyEv
FNDA:30,_ZNK3s215StackIiE3TopEv
FNF:13
FNH:13
DA:4,6
DA:5,6
DA:6,6
DA:7,6
DA:10,42
DA:11,42
DA:12,42
DA:13,164
DA:14,122
DA:16,42
DA:19,3
DA:20,3
DA:21,3
DA:22,3
DA:23,3
DA:24,3
DA:25,3
DA:26,9
DA:27,6
DA:28,6
DA:29,6
DA:32,3
DA:35,2
DA:36,2
DA:37,2
DA:38,2
DA:39,2
DA:40,2
DA:43,53
DA:44,53
DA:45,53
DA:48,190
DA:49,190
DA:50,132
DA:51,132
DA:52,132
DA:54,58
DA:55,58
DA:58,128
DA:59,128
DA:60,128
DA:61,128
DA:62,91
DA:63,91
DA:65,37
DA:66,37
DA:68,128
DA:69,128
DA:72,5
DA:73,5
DA:74,5
DA:75,5
DA:76,5
DA:77,5
DA:79,5
DA:82,7
DA:83,7
DA:84,7
DA:85,7
DA:87,7
DA:88,7
DA:89,7
DA:90,7
DA:93,5
DA:94,5
DA:98,30
DA:99,30
DA:100,1
DA:102,29
DA:106,5
DA:107,5
DA:108,5
DA:109,5
DA:110,5
DA:111,5
DA:112,5
DA:114,5
DA:117,35
DA:118,35
LF:79
LH:79
end_of_record
TN:test
SF:/home/tixon/github/CPPContainers/src/s21_containers/vector/vector.tpp
FN:4,_ZN3s216VectorIiEC2Ev
FN:4,_ZN3s216VectorINSt7__cxx1112basic_stringIcSt11char_traitsIcESaIcEEEEC2Ev
FN:4,_ZN3s216VectorIdEC2Ev
FN:7,_ZN3s216VectorIiEC2Em
FN:7,_ZN3s216VectorINSt7__cxx1112basic_stringIcSt11char_traitsIcESaIcEEEEC2Em
FN:7,_ZN3s216VectorIdEC2Em
FN:18,_ZN3s216VectorIdEC2ERKSt16initializer_listIdE
FN:18,_ZN3s216VectorIiEC2ERKSt16initializer_listIiE
FN:18,_ZN3s216VectorINSt7__cxx1112basic_stringIcSt11char_traitsIcESaIcEEEEC2ERKSt16initializer_listIS6_E
FN:26,_ZN3s216VectorIiEC2ERKS1_
FN:33,_ZN3s216VectorIiEC2EOS1_
FN:43,_ZN3s216VectorIiED2Ev
FN:43,_ZN3s216VectorIdED2Ev
FN:43,_ZN3s216VectorINSt7__cxx1112basic_stringIcSt11char_traitsIcESaIcEEEED2Ev
FN:51,_ZN3s216VectorIiEaSEOS1_
FN:51,_ZN3s216VectorIdEaSEOS1_
FN:51,_ZN3s216VectorINSt7__cxx1112basic_stringIcSt11char_traitsIcESaIcEEEEaSEOS7_
FN:65,_ZN3s216VectorIiE2AtEm
FN:65,_ZN3s216VectorIdE2AtEm
FN:65,_ZN3s216VectorINSt7__cxx1112basic_stringIcSt11char_traitsIcESaIcEEEE2AtEm
FN:73,_ZN3s216VectorINSt7__cxx1112basic_stringIcSt11char_traitsIcESaIcEEEEixEm
FN:73,_ZN3s216VectorIiEixEm
FN:73,_ZN3s216VectorIdEixEm
FN:78,_ZN3s216VectorIiE5FrontEv
FN:78,_ZN3s216VectorIdE5FrontEv
FN:78,_ZN3s216VectorINSt7__cxx1112basic_stringIcSt11char_traitsIcESaIcEEEE5FrontEv
FN:86,_ZN3s216VectorINSt7__cxx1112basic_stringIcSt11char_traitsIcESaIcEEEE4BackEv
FN:86,_ZN3s216VectorIiE4BackEv
FN:86,_ZN3s216VectorIdE4BackEv
FN:94,_ZN3s216VectorIdE4DataEv
FN:94,_ZN3s216VectorINSt7__cxx1112basic_stringIcSt11char_traitsIcESaIcEEEE4DataEv
FN:94,_ZN3s216VectorIiE4DataEv
FN:99,_ZN3s216VectorIdE5BeginEv
FN:99,_ZN3s216VectorIiE5BeginEv
FN:99,_ZN3s216VectorINSt7__cxx1112basic_stringIcSt11char_traitsIcESaIcEEEE5BeginEv
FN:104,_ZN3s216VectorIiE3EndEv
FN:104,_ZN3s216VectorINSt7__cxx1112basic_stringIcSt11char_traitsIcESaIcEEEE3EndEv
FN:104,_ZN3s216VectorIdE3EndEv
FN:109,_ZN3s216VectorINSt7__cxx1112basic_stringIcSt11char_traitsIcESaIcEEEE5EmptyEv
FN:109,_ZN3s216VectorIdE5EmptyEv
FN:109,_ZN3s216VectorIiE5EmptyEv
FN:114,_ZN3s216VectorIiE4SizeEv
FN:114,_ZN3s216VectorINSt7__cxx1112basic_stringIcSt11char_traitsIcESaIcEEEE4SizeEv
FN:114,_ZN3s216VectorIdE4SizeEv
FN:119,_ZN3s216VectorIiE7MaxSizeEv
FN:119,_ZN3s216VectorINSt7__cxx1112basic_stringIcSt11char_traitsIcESaIcEEEE7MaxSizeEv
FN:119,_ZN3s216VectorIdE7MaxSizeEv
FN:124,_ZN3s216VectorIiE7ReserveEm
FN:124,_ZN3s216VectorINSt7__cxx1112basic_stringIcSt11char_traitsIcESaIcEEEE7ReserveEm
FN:124,_ZN3s216VectorIdE7ReserveEm
FN:143,_ZN3s216VectorIdE8CapacityEv
FN:143,_ZN3s216VectorINSt7__cxx1112basic_stringIcSt11char_traitsIcESaIcEEEE8CapacityEv
FN:143,_ZN3s216VectorIiE8CapacityEv
FN:148,_ZN3s216VectorIdE11ShrinkToFitEv
FN:148,_ZN3s216VectorIiE11ShrinkToFitEv
FN:148,_ZN3s216VectorINSt7__cxx1112basic_stringIcSt11char_traitsIcESaIcEEEE11ShrinkToFitEv
FN:159,_ZN3s216VectorIiE5ClearEv
FN:159,_ZN3s216VectorINSt7__cxx1112basic_stringIcSt11char_traitsIcESaIcEEEE5ClearEv
FN:159,_ZN3s216VectorIdE5ClearEv
FN:164,_ZN3s216VectorIiE6InsertENS_14VectorIteratorIiEERKi
FN:164,_ZN3s216VectorINSt7__cxx1112basic_stringIcSt11char_traitsIcESaIcEEEE6InsertENS_14VectorIteratorIS6_EERKS6_
FN:164,_ZN3s216VectorIdE6InsertENS_14VectorIteratorIdEERKd
FN:182,_ZN3s216VectorINSt7__cxx1112basic_stringIcSt11char_traitsIcESaIcEEEE5EraseENS_14VectorIteratorIS6_EE
FN:182,_ZN3s216VectorIiE5EraseENS_14VectorIteratorIiEE
FN:182,_ZN3s216VectorIdE5EraseENS_14VectorIteratorIdEE
FN:194,_ZN3s216VectorINSt7__cxx1112basic_stringIcSt11char_traitsIcESaIcEEEE8PushBackERKS6_
FN:194,_ZN3s216VectorIiE8PushBackERKi
FN:194,_ZN3s216VectorIdE8PushBackERKd
FN:199,_ZN3s216VectorINSt7__cxx1112basic_stringIcSt11char_traitsIcESaIcEEEE7PopBackEv
FN:199,_ZN3s216VectorIiE7PopBackEv
FN:199,_ZN3s216VectorIdE7PopBackEv
FN:206,_ZN3s216VectorIdE4SwapERS1_
FN:206,_ZN3s216VectorINSt7__cxx1112basic_stringIcSt11char_traitsIcESaIcEEEE4SwapERS7_
FN:206,_ZN3s216VectorIiE4SwapERS1_
FNDA:15,_ZN3s216VectorIiE6InsertENS_14VectorIteratorIiEERKi
FNDA:26,_ZN3s216VectorIdEC2ERKSt16initializer_listIdE
FNDA:1,_ZN3s216VectorINSt7__cxx1112basic_stringIcSt11char_traitsIcESaIcEEEE5ClearEv
FNDA:1,_ZN3s216VectorIiEC2ERKS1_
FNDA:46,_ZN3s216VectorIiEC2Em
FNDA:7,_ZN3s216VectorIiEC2Ev
FNDA:1,_ZN3s216VectorIiE7PopBackEv
FNDA:11,_ZN3s216VectorIiE4SizeEv
FNDA:5,_ZN3s216VectorINSt7__cxx1112basic_stringIcSt11char_traitsIcESaIcEEEE3EndEv
FNDA:8,_ZN3s216VectorIdE7MaxSizeEv
FNDA:8,_ZN3s216VectorINSt7__cxx1112basic_stringIcSt11char_traitsIcESaIcEEEE7MaxSizeEv
FNDA:54,_ZN3s216VectorIiED2Ev
FNDA:1,_ZN3s216VectorINSt7__cxx1112basic_stringIcSt11char_traitsIcESaIcEEEE7PopBackEv
FNDA:18,_ZN3s216VectorIiE7MaxSizeEv
FNDA:1,_ZN3s216VectorIiE4BackEv
FNDA:1,_ZN3s216VectorIiEC2EOS1_
FNDA:24,_ZN3s216VectorIiEixEm
FNDA:8,_ZN3s216VectorINSt7__cxx1112basic_stringIcSt11char_traitsIcESaIcEEEE7ReserveEm
FNDA:12,_ZN3s216VectorIiE8PushBackERKi
FNDA:10,_ZN3s216VectorINSt7__cxx1112basic_stringIcSt11char_traitsIcESaIcEEEEixEm
FNDA:15,_ZN3s216VectorIiE3EndEv
FNDA:1,_ZN3s216VectorIdE4DataEv
FNDA:2,_ZN3s216VectorIdE11ShrinkToFitEv
FNDA:18,_ZN3s216VectorIiE7ReserveEm
FNDA:1,_ZN3s216VectorIiE5ClearEv
FNDA:18,_ZN3s216VectorIiEaSEOS1_
FNDA:2,_ZN3s216VectorINSt7__cxx1112basic_stringIcSt11char_traitsIcESaIcEEEE8PushBackERKS6_
FNDA:3,_ZN3s216VectorIiE2AtEm
FNDA:11,_ZN3s216VectorIdE8CapacityEv
FNDA:2,_ZN3s216VectorIiE5EraseENS_14VectorIteratorIiEE
FNDA:1,_ZN3s216VectorIiE5FrontEv
FNDA:1,_ZN3s216VectorINSt7__cxx1112basic_stringIcSt11char_traitsIcESaIcEEEE4BackEv
FNDA:2,_ZN3s216VectorINSt7__cxx1112basic_stringIcSt11char_traitsIcESaIcEEEE5EraseENS_14VectorIteratorIS6_EE
FNDA:5,_ZN3s216VectorIiE5EmptyEv
FNDA:35,_ZN3s216VectorIdEC2Em
FNDA:34,_ZN3s216VectorINSt7__cxx1112basic_stringIcSt11char_traitsIcESaIcEEEEC2Em
FNDA:8,_ZN3s216VectorIdE4SizeEv
FNDA:5,_ZN3s216VectorIdEC2Ev
FNDA:39,_ZN3s216VectorINSt7__cxx1112basic_stringIcSt11char_traitsIcESaIcEEEED2Ev
FNDA:12,_ZN3s216VectorIiE8CapacityEv
FNDA:2,_ZN3s216VectorINSt7__cxx1112basic_stringIcSt11char_traitsIcESaIcEEEE11ShrinkToFitEv
FNDA:1,_ZN3s216VectorIdE4BackEv
FNDA:3,_ZN3s216VectorINSt7__cxx1112basic_stringIcSt11char_traitsIcESaIcEEEE2AtEm
FNDA:1,_ZN3s216VectorIiE4SwapERS1_
FNDA:1,_ZN3s216VectorINSt7__cxx1112basic_stringIcSt11char_traitsIcESaIcEEEE5FrontEv
FNDA:1,_ZN3s216VectorIdE7PopBackEv
FNDA:14,_ZN3s216VectorIdEixEm
FNDA:16,_ZN3s216VectorINSt7__cxx1112basic_stringIcSt11char_traitsIcESaIcEEEE5BeginEv
FNDA:2,_ZN3s216VectorIiE11ShrinkToFitEv
FNDA:40,_ZN3s216VectorIdED2Ev
FNDA:1,_ZN3s216VectorIdE5FrontEv
FNDA:2,_ZN3s216VectorIdE5EraseENS_14VectorIteratorIdEE
FNDA:25,_ZN3s216VectorINSt7__cxx1112basic_stringIcSt11char_traitsIcESaIcEEEEC2ERKSt16initializer_listIS6_E
FNDA:36,_ZN3s216VectorIiE5BeginEv
FNDA:8,_ZN3s216VectorIdE7ReserveEm
FNDA:1,_ZN3s216VectorINSt7__cxx1112basic_stringIcSt11char_traitsIcESaIcEEEE4SwapERS7_
FNDA:1,_ZN3s216VectorIiE4DataEv
FNDA:16,_ZN3s216VectorIdE5BeginEv
FNDA:2,_ZN3s216VectorIdE8PushBackERKd
FNDA:5,_ZN3s216VectorIdE3EndEv
FNDA:1,_ZN3s216VectorINSt7__cxx1112basic_stringIcSt11char_traitsIcESaIcEEEE4DataEv
FNDA:4,_ZN3s216VectorIdE5EmptyEv
FNDA:4,_ZN3s216VectorINSt7__cxx1112basic_stringIcSt11char_traitsIcESaIcEEEE5EmptyEv
FNDA:10,_ZN3s216VectorINSt7__cxx1112basic_stringIcSt11char_traitsIcESaIcEEEE8CapacityEv
FNDA:26,_ZN3s216VectorIiEC2ERKSt16initializer_listIiE
FNDA:8,_ZN3s216VectorINSt7__cxx1112basic_stringIcSt11char_traitsIcESaIcEEEEaSEOS7_
FNDA:5,_ZN3s216VectorINSt7__cxx1112basic_stringIcSt11char_traitsIcESaIcEEEE6InsertENS_14VectorIteratorIS6_EERKS6_
FNDA:5,_ZN3s216VectorIdE6InsertENS_14VectorIteratorIdEERKd
FNDA:5,_ZN3s216VectorINSt7__cxx1112basic_stringIcSt11char_traitsIcESaIcEEEEC2Ev
FNDA:7,_ZN3s216VectorINSt7__cxx1112basic_stringIcSt11char_traitsIcESaIcEEEE4SizeEv
FNDA:8,_ZN3s216VectorIdEaSEOS1_
FNDA:1,_ZN3s216VectorIdE4SwapERS1_
FNDA:1,_ZN3s216VectorIdE5ClearEv
FNDA:3,_ZN3s216VectorIdE2AtEm
FNF:74
FNH:74
DA:4,17
DA:7,115
DA:8,305
DA:9,115
DA:10,0
DA:12,728
DA:13,613
DA:15,115
DA:18,77
DA:19,77
DA:20,388
DA:21,311
DA:23,77
DA:26,1
DA:27,6
DA:28,5
DA:30,1
DA:33,1
DA:34,1
DA:35,1
DA:36,1
DA:37,1
DA:38,1
DA:39,1
DA:40,1
DA:43,133
DA:44,275
DA:45,133
DA:46,133
DA:47,133
DA:48,133
DA:51,34
DA:52,34
DA:53,82
DA:54,34
DA:55,34
DA:56,34
DA:57,34
DA:58,34
DA:59,34
DA:61,34
DA:65,9
DA:66,9
DA:67,6
DA:69,3
DA:73,48
DA:74,48
DA:78,3
DA:79,3
DA:80,0
DA:82,3
DA:86,3
DA:87,3
DA:88,0
DA:90,3
DA:94,3
DA:95,3
DA:99,68
DA:100,68
DA:104,25
DA:105,25
DA:109,13
DA:110,13
DA:114,26
DA:115,26
DA:119,34
DA:120,34
DA:124,34
DA:125,34
DA:126,3
DA:129,31
DA:131,0
DA:134,62
DA:135,135
DA:136,104
DA:138,31
DA:139,31
DA:143,33
DA:144,33
DA:148,6
DA:149,6
DA:150,6
DA:151,15
DA:152,12
DA:154,3
DA:156,6
DA:159,3
DA:160,3
DA:161,3
DA:164,25
DA:166,25
DA:167,25
DA:168,0
DA:170,25
DA:171,22
DA:173,43
DA:174,18
DA:176,25
DA:177,25
DA:178,25
DA:182,6
DA:183,6
DA:184,6
DA:185,0
DA:187,6
DA:188,24
DA:189,18
DA:191,6
DA:194,16
DA:195,16
DA:196,16
DA:199,3
DA:200,3
DA:201,3
DA:203,3
DA:206,3
DA:207,3
DA:208,3
DA:209,3
DA:210,3
LF:120
LH:114
end_of_record
TN:test
SF:/home/tixon/github/CPPContainers/src/s21_containers/vector/vector_iterators.h
FN:15,_ZN3s2114VectorIteratorINSt7__cxx1112basic_stringIcSt11char_traitsIcESaIcEEEEC2EPS6_
FN:15,_ZN3s2114VectorIteratorIiEC2EPi
FN:15,_ZN3s2114VectorIteratorIdEC2EPd
FN:16,_ZNK3s2114VectorIteratorINSt7__cxx1112basic_stringIcSt11char_traitsIcESaIcEEEEdeEv
FN:16,_ZNK3s2114VectorIteratorIiEdeEv
FN:16,_ZNK3s2114VectorIteratorIdEdeEv
FN:41,_ZNK3s2114VectorIteratorIiEplEl
FN:41,_ZNK3s2114VectorIteratorIdEplEl
FN:41,_ZNK3s2114VectorIteratorINSt7__cxx1112basic_stringIcSt11char_traitsIcESaIcEEEEplEl
FN:45,_ZNK3s2114VectorIteratorIdEmiEl
FN:45,_ZNK3s2114VectorIteratorIiEmiEl
FN:45,_ZNK3s2114VectorIteratorINSt7__cxx1112basic_stringIcSt11char_traitsIcESaIcEEEEmiEl
FN:49,_ZNK3s2114VectorIteratorIiEmiERKS1_
FN:49,_ZNK3s2114VectorIteratorIdEmiERKS1_
FN:49,_ZNK3s2114VectorIteratorINSt7__cxx1112basic_stringIcSt11char_traitsIcESaIcEEEEmiERKS7_
FNDA:70,_ZN3s2114VectorIteratorIiEC2EPi
FNDA:7,_ZNK3s2114VectorIteratorIdEplEl
FNDA:7,_ZNK3s2114VectorIteratorINSt7__cxx1112basic_stringIcSt11char_traitsIcESaIcEEEEplEl
FNDA:2,_ZNK3s2114VectorIteratorIdEdeEv
FNDA:7,_ZNK3s2114VectorIteratorINSt7__cxx1112basic_stringIcSt11char_traitsIcESaIcEEEEmiERKS7_
FNDA:30,_ZN3s2114VectorIteratorIdEC2EPd
FNDA:7,_ZNK3s2114VectorIteratorIdEmiERKS1_
FNDA:2,_ZNK3s2114VectorIteratorIiEdeEv
FNDA:30,_ZN3s2114VectorIteratorINSt7__cxx1112basic_stringIcSt11char_traitsIcESaIcEEEEC2EPS6_
FNDA:17,_ZNK3s2114VectorIteratorIiEmiERKS1_
FNDA:2,_ZNK3s2114VectorIteratorINSt7__cxx1112basic_stringIcSt11char_traitsIcESaIcEEEEmiEl
FNDA:2,_ZNK3s2114VectorIteratorIdEmiEl
FNDA:2,_ZNK3s2114VectorIteratorIiEmiEl
FNDA:2,_ZNK3s2114VectorIteratorINSt7__cxx1112basic_stringIcSt11char_traitsIcESaIcEEEEdeEv
FNDA:17,_ZNK3s2114VectorIteratorIiEplEl
FNF:15
FNH:15
DA:15,130
DA:16,6
DA:41,31
DA:42,31
DA:45,6
DA:46,6
DA:49,31
DA:50,31
LF:8
LH:8
end_of_record
